SF:lib/rotation_stage.dart
DA:36,1
DA:63,1
DA:64,1
DA:70,1
DA:72,3
DA:73,1
DA:76,1
DA:78,1
DA:81,1
DA:82,1
DA:83,1
DA:84,1
DA:85,2
DA:91,1
DA:92,1
DA:93,2
DA:94,2
DA:95,2
DA:96,3
DA:98,2
DA:99,2
LF:21
LH:21
end_of_record
SF:lib/src/model/rotation_stage_side.dart
DA:24,4
DA:27,1
DA:34,1
DA:35,1
DA:36,1
DA:37,1
LF:6
LH:6
end_of_record
SF:lib/src/rotation_stage_bar.dart
DA:9,1
DA:16,2
DA:17,2
DA:38,1
DA:40,4
DA:41,1
DA:42,1
DA:43,1
DA:44,1
DA:45,2
DA:46,2
DA:47,1
DA:48,4
DA:49,3
DA:50,1
DA:51,1
DA:52,1
DA:53,1
DA:55,2
DA:56,2
DA:58,1
LF:21
LH:21
end_of_record
SF:lib/src/rotation_stage_content.dart
DA:10,1
DA:22,1
DA:24,1
DA:25,1
DA:26,1
DA:27,1
DA:28,2
DA:29,1
DA:30,1
DA:31,1
DA:32,2
DA:33,1
DA:34,1
DA:35,1
DA:36,1
DA:37,1
DA:38,3
DA:39,3
DA:40,1
DA:41,4
DA:42,2
DA:43,1
DA:44,1
DA:45,1
DA:48,2
DA:50,1
LF:26
LH:26
end_of_record
SF:lib/src/rotation_stage_controller.dart
DA:19,1
DA:21,1
DA:25,2
DA:26,1
DA:32,1
DA:34,2
DA:35,1
DA:36,3
DA:42,2
DA:43,5
DA:44,5
DA:45,3
DA:51,2
DA:56,4
DA:65,2
DA:70,8
DA:71,2
DA:72,2
DA:73,3
DA:74,6
DA:75,4
DA:76,2
DA:77,6
DA:83,0
DA:85,0
DA:86,0
LF:26
LH:23
end_of_record
SF:lib/src/rotation_stage_handle.dart
DA:15,1
DA:59,1
DA:61,2
DA:62,1
DA:63,2
DA:64,1
DA:66,3
DA:67,1
DA:69,4
DA:70,1
DA:71,2
DA:72,2
DA:75,1
DA:78,2
DA:79,1
DA:81,2
DA:82,1
DA:84,2
DA:85,1
DA:87,2
LF:20
LH:20
end_of_record
SF:lib/src/rotation_stage_labels.dart
DA:7,3
DA:35,2
DA:36,1
DA:37,1
DA:38,1
DA:39,1
DA:48,0
DA:60,1
DA:62,1
DA:63,0
DA:66,0
DA:68,0
LF:12
LH:8
end_of_record
