SF:lib/src/body_part_selector.dart
DA:13,0
DA:74,0
DA:76,0
DA:77,0
DA:79,0
DA:85,0
DA:91,0
DA:92,0
DA:93,0
DA:97,0
DA:98,0
DA:99,0
DA:101,0
DA:102,0
DA:104,0
DA:105,0
DA:106,0
DA:109,0
DA:110,0
DA:111,0
DA:113,0
DA:123,0
DA:144,0
DA:145,0
DA:146,0
DA:152,0
DA:159,0
DA:160,0
DA:162,0
DA:165,0
DA:166,0
DA:167,0
DA:168,0
DA:169,0
DA:170,0
DA:172,0
DA:173,0
DA:174,0
DA:175,0
DA:176,0
DA:177,0
DA:178,0
DA:183,0
DA:185,0
DA:186,0
DA:187,0
DA:188,0
DA:191,0
DA:192,0
DA:193,0
DA:194,0
DA:195,0
DA:198,0
DA:200,0
DA:201,0
DA:202,0
DA:205,0
DA:207,0
DA:217,0
LF:59
LH:0
end_of_record
SF:lib/src/body_part_selector_turnable.dart
DA:14,0
DA:56,0
DA:58,0
DA:59,0
DA:60,0
DA:61,0
DA:62,0
DA:63,0
DA:65,0
DA:66,0
DA:72,0
DA:73,0
DA:74,0
DA:75,0
DA:76,0
DA:77,0
DA:78,0
LF:17
LH:0
end_of_record
SF:lib/src/model/body_parts.dart
DA:39,1
DA:40,1
DA:41,4
DA:76,1
DA:77,1
DA:78,1
DA:79,2
DA:81,1
DA:83,2
DA:84,2
DA:85,1
DA:87,2
DA:88,2
DA:91,1
DA:98,1
DA:99,2
LF:16
LH:16
end_of_record
SF:lib/src/model/body_parts.g.dart
DA:9,2
DA:10,1
DA:11,1
DA:12,1
DA:13,1
DA:14,1
DA:15,1
DA:16,1
DA:17,1
DA:18,1
DA:19,1
DA:20,1
DA:21,1
DA:22,1
DA:23,1
DA:24,1
DA:25,1
DA:26,1
DA:27,1
DA:28,1
DA:29,1
DA:30,1
DA:31,1
DA:32,1
DA:33,1
DA:36,1
DA:37,1
DA:38,1
DA:39,1
DA:40,1
DA:41,1
DA:42,1
DA:43,1
DA:44,1
DA:45,1
DA:46,1
DA:47,1
DA:48,1
DA:49,1
DA:50,1
DA:51,1
DA:52,1
DA:53,1
DA:54,1
DA:55,1
DA:56,1
DA:57,1
DA:58,1
DA:59,1
DA:60,1
DA:61,1
LF:51
LH:51
end_of_record
SF:lib/src/model/body_side.dart
DA:23,0
DA:26,0
DA:33,0
DA:35,0
DA:37,0
DA:39,0
LF:6
LH:0
end_of_record
SF:lib/src/service/svg_service.dart
DA:10,0
DA:11,0
DA:14,0
DA:17,0
DA:27,0
DA:28,0
DA:29,0
DA:30,0
DA:31,0
DA:34,0
DA:35,0
DA:36,0
DA:40,0
DA:44,0
DA:45,0
DA:52,0
DA:53,0
LF:17
LH:0
end_of_record
