SF:lib/src/model/body_parts.dart
DA:39,1
DA:40,1
DA:41,3
DA:76,1
DA:77,1
DA:78,1
DA:79,2
DA:81,1
DA:83,2
DA:84,2
DA:85,1
DA:87,2
DA:88,2
DA:91,1
DA:98,1
DA:99,2
LF:16
LH:16
end_of_record
SF:lib/src/model/body_parts.g.dart
DA:9,2
DA:10,1
DA:11,1
DA:12,1
DA:13,1
DA:14,1
DA:15,1
DA:16,1
DA:17,1
DA:18,1
DA:19,1
DA:20,1
DA:21,1
DA:22,1
DA:23,1
DA:24,1
DA:25,1
DA:26,1
DA:27,1
DA:28,1
DA:29,1
DA:30,1
DA:31,1
DA:32,1
DA:33,1
DA:36,1
DA:37,1
DA:38,1
DA:39,1
DA:40,1
DA:41,1
DA:42,1
DA:43,1
DA:44,1
DA:45,1
DA:46,1
DA:47,1
DA:48,1
DA:49,1
DA:50,1
DA:51,1
DA:52,1
DA:53,1
DA:54,1
DA:55,1
DA:56,1
DA:57,1
DA:58,1
DA:59,1
DA:60,1
DA:61,1
LF:51
LH:51
end_of_record
